#
# A fatal error has been detected by the Java Runtime Environment:
#
#  EXCEPTION_ACCESS_VIOLATION (0xc0000005) at pc=0x000000005bed04a6, pid=29904, tid=0x00000000000027b0
#
# JRE version: OpenJDK Runtime Environment (8.0_242-b01) (build 1.8.0_242-release-1644-b01)
# Java VM: OpenJDK 64-Bit Server VM (25.242-b01 mixed mode windows-amd64 compressed oops)
# Problematic frame:
# V  [jvm.dll+0x1004a6]
#
# Failed to write core dump. Minidumps are not enabled by default on client versions of Windows
#
# If you would like to submit a bug report, please visit:
#   
#

---------------  T H R E A D  ---------------

Current thread (0x000000000319e800):  VMThread [stack: 0x000000001b800000,0x000000001b900000] [id=10160]

siginfo: ExceptionCode=0xc0000005, reading address 0x00000000000001e8

Registers:
RAX=0x000000005c3ed6c8, RBX=0x0000000000000018, RCX=0x0000000000000180, RDX=0x000000005c5616c0
RSP=0x000000001b8fec88, RBP=0x000000005c5616c0, RSI=0x00000000227ff310, RDI=0x0000000000000001
R8 =0x000000005c5616c0, R9 =0x00000000238c6d50, R10=0x00000000000001fe, R11=0x000000001b8fecb8
R12=0x0000000000000000, R13=0x0000000000000000, R14=0x000000005c3a37d0, R15=0x000000005c561630
RIP=0x000000005bed04a6, EFLAGS=0x0000000000010202

Top of Stack: (sp=0x000000001b8fec88)
0x000000001b8fec88:   000000005beda786 000000002d13b868
0x000000001b8fec98:   000000002d13b5f0 000000002d13cfe0
0x000000001b8feca8:   0000000000000000 000000005c5616c0
0x000000001b8fecb8:   000000005bedc67f 000000002d13b838
0x000000001b8fecc8:   0000000000000000 000000002d13b5f0
0x000000001b8fecd8:   00000000227ff310 000000005c3a40d0
0x000000001b8fece8:   000000005c5616c0 0000000000000001
0x000000001b8fecf8:   000000005beb3026 0000000000000009
0x000000001b8fed08:   0000000000000048 000000005c5616c0
0x000000001b8fed18:   0000000100115618 0000000100115618
0x000000001b8fed28:   000000005beb9560 0000000100115618
0x000000001b8fed38:   000000005c5616c0 000000001b8fedd0
0x000000001b8fed48:   000000000462db60 000000005c5616c0
0x000000001b8fed58:   000000005bed161c 0000000100111aa0
0x000000001b8fed68:   00000001001887e0 0000000000000000
0x000000001b8fed78:   000000005be1389d 000000005c3a37d0 

Instructions: (pc=0x000000005bed04a6)
0x000000005bed0486:   c0 74 14 48 8b 50 78 48 85 d2 74 07 48 89 91 80
0x000000005bed0496:   00 00 00 48 89 48 78 f3 c3 cc 48 8b 02 4c 8b c2
0x000000005bed04a6:   48 8b 51 68 49 8b c8 48 ff 20 48 89 5c 24 08 48
0x000000005bed04b6:   89 74 24 10 57 48 83 ec 20 80 3d bc 4b 6c 00 00 


Register to memory mapping:

RAX=0x000000005c3ed6c8 is an unknown value
RBX=0x0000000000000018 is an unknown value
RCX=0x0000000000000180 is an unknown value
RDX=0x000000005c5616c0 is an unknown value
RSP=0x000000001b8fec88 is an unknown value
RBP=0x000000005c5616c0 is an unknown value
RSI=0x00000000227ff310 is an unknown value
RDI=0x0000000000000001 is an unknown value
R8 =0x000000005c5616c0 is an unknown value
R9 =0x00000000238c6d50 is an unknown value
R10=0x00000000000001fe is an unknown value
R11=0x000000001b8fecb8 is an unknown value
R12=0x0000000000000000 is an unknown value
R13=0x0000000000000000 is an unknown value
R14=0x000000005c3a37d0 is an unknown value
R15=0x000000005c561630 is an unknown value


Stack: [0x000000001b800000,0x000000001b900000],  sp=0x000000001b8fec88,  free space=1019k
Native frames: (J=compiled Java code, j=interpreted, Vv=VM code, C=native code)
V  [jvm.dll+0x1004a6]

VM_Operation (0x000000002051a460): CollectForMetadataAllocation, mode: safepoint, requested by thread 0x000000001e897800


---------------  P R O C E S S  ---------------

Java Threads: ( => current thread )
  0x0000000022bfd800 JavaThread "Cache worker for file content cache (C:\Users\Tristan\AndroidStudioProjects\ListViewDemo\.gradle\6.5\fileContent)" [_thread_blocked, id=14872, stack(0x000000002e7a0000,0x000000002e8a0000)]
  0x0000000022bfc000 JavaThread "Memory manager" [_thread_blocked, id=6712, stack(0x000000002e6a0000,0x000000002e7a0000)]
  0x0000000022bfb000 JavaThread "Cache worker for Build Output Cleanup Cache (C:\Users\Tristan\AndroidStudioProjects\ListViewDemo\.gradle\buildOutputCleanup)" [_thread_blocked, id=28888, stack(0x000000002c750000,0x000000002c850000)]
  0x0000000022bf9800 JavaThread "jar transforms Thread 92" [_thread_blocked, id=2332, stack(0x000000002c250000,0x000000002c350000)]
  0x0000000022bf9000 JavaThread "jar transforms Thread 91" [_thread_blocked, id=21156, stack(0x000000002c150000,0x000000002c250000)]
  0x0000000022bf8000 JavaThread "jar transforms Thread 90" [_thread_blocked, id=16480, stack(0x000000002c050000,0x000000002c150000)]
  0x0000000022bf4800 JavaThread "jar transforms Thread 89" [_thread_blocked, id=8, stack(0x000000002bf50000,0x000000002c050000)]
  0x0000000022bf6000 JavaThread "jar transforms Thread 88" [_thread_blocked, id=13728, stack(0x000000002be50000,0x000000002bf50000)]
  0x0000000022bf7800 JavaThread "jar transforms Thread 87" [_thread_blocked, id=26236, stack(0x000000002bd50000,0x000000002be50000)]
  0x0000000022bf1800 JavaThread "jar transforms Thread 86" [_thread_blocked, id=8096, stack(0x000000002bc50000,0x000000002bd50000)]
  0x0000000022bf6800 JavaThread "jar transforms Thread 85" [_thread_blocked, id=24128, stack(0x000000002bb50000,0x000000002bc50000)]
  0x0000000022bf3000 JavaThread "jar transforms Thread 84" [_thread_blocked, id=23224, stack(0x000000002ba50000,0x000000002bb50000)]
  0x0000000022bf5000 JavaThread "jar transforms Thread 83" [_thread_blocked, id=21868, stack(0x000000002b950000,0x000000002ba50000)]
  0x0000000022bf2000 JavaThread "jar transforms Thread 82" [_thread_blocked, id=18388, stack(0x000000002b850000,0x000000002b950000)]
  0x0000000021b9f800 JavaThread "jar transforms Thread 81" [_thread_blocked, id=9528, stack(0x000000002b750000,0x000000002b850000)]
  0x0000000021b9f000 JavaThread "jar transforms Thread 80" [_thread_blocked, id=25404, stack(0x000000002b650000,0x000000002b750000)]
  0x0000000021b9e000 JavaThread "jar transforms Thread 79" [_thread_blocked, id=24132, stack(0x000000002b550000,0x000000002b650000)]
  0x0000000021b9d800 JavaThread "jar transforms Thread 78" [_thread_blocked, id=16400, stack(0x000000002b450000,0x000000002b550000)]
  0x0000000021b9c800 JavaThread "jar transforms Thread 77" [_thread_blocked, id=20308, stack(0x000000002b350000,0x000000002b450000)]
  0x0000000021ba0800 JavaThread "jar transforms Thread 76" [_thread_blocked, id=24072, stack(0x000000002b250000,0x000000002b350000)]
  0x0000000021b95000 JavaThread "jar transforms Thread 75" [_thread_blocked, id=27928, stack(0x000000002b150000,0x000000002b250000)]
  0x0000000021b9c000 JavaThread "jar transforms Thread 74" [_thread_blocked, id=3836, stack(0x000000002b050000,0x000000002b150000)]
  0x0000000021b9b000 JavaThread "jar transforms Thread 73" [_thread_blocked, id=16432, stack(0x000000002af50000,0x000000002b050000)]
  0x0000000021b9a800 JavaThread "jar transforms Thread 72" [_thread_blocked, id=23508, stack(0x000000002ae50000,0x000000002af50000)]
  0x0000000021b99800 JavaThread "jar transforms Thread 71" [_thread_blocked, id=19984, stack(0x000000002ad50000,0x000000002ae50000)]
  0x0000000021b99000 JavaThread "jar transforms Thread 70" [_thread_blocked, id=5712, stack(0x000000002ac50000,0x000000002ad50000)]
  0x0000000021b92000 JavaThread "jar transforms Thread 69" [_thread_blocked, id=500, stack(0x000000002ab50000,0x000000002ac50000)]
  0x0000000021b98000 JavaThread "jar transforms Thread 68" [_thread_blocked, id=28092, stack(0x000000002aa50000,0x000000002ab50000)]
  0x0000000021b91000 JavaThread "jar transforms Thread 67" [_thread_blocked, id=7128, stack(0x000000002a950000,0x000000002aa50000)]
  0x0000000021b96000 JavaThread "jar transforms Thread 66" [_thread_blocked, id=16444, stack(0x000000002a850000,0x000000002a950000)]
  0x0000000021b93800 JavaThread "jar transforms Thread 65" [_thread_blocked, id=14840, stack(0x000000002a750000,0x000000002a850000)]
  0x0000000021b97800 JavaThread "jar transforms Thread 64" [_thread_blocked, id=6524, stack(0x000000002a650000,0x000000002a750000)]
  0x0000000021b96800 JavaThread "jar transforms Thread 63" [_thread_blocked, id=22344, stack(0x000000002a550000,0x000000002a650000)]
  0x0000000021b92800 JavaThread "jar transforms Thread 62" [_thread_blocked, id=25044, stack(0x000000002a450000,0x000000002a550000)]
  0x0000000021b94000 JavaThread "jar transforms Thread 61" [_thread_blocked, id=28772, stack(0x000000002a350000,0x000000002a450000)]
  0x000000001f369000 JavaThread "jar transforms Thread 60" [_thread_blocked, id=27128, stack(0x000000002a250000,0x000000002a350000)]
  0x000000001f36b000 JavaThread "jar transforms Thread 59" [_thread_blocked, id=21548, stack(0x000000002a150000,0x000000002a250000)]
  0x000000001f36c000 JavaThread "jar transforms Thread 58" [_thread_blocked, id=24468, stack(0x000000002a050000,0x000000002a150000)]
  0x000000001f36a800 JavaThread "jar transforms Thread 57" [_thread_blocked, id=15960, stack(0x0000000029f50000,0x000000002a050000)]
  0x000000001f369800 JavaThread "jar transforms Thread 56" [_thread_blocked, id=4384, stack(0x0000000029e50000,0x0000000029f50000)]
  0x000000001f368000 JavaThread "jar transforms Thread 55" [_thread_blocked, id=12840, stack(0x0000000029d50000,0x0000000029e50000)]
  0x000000001f367800 JavaThread "jar transforms Thread 54" [_thread_blocked, id=14868, stack(0x0000000029c50000,0x0000000029d50000)]
  0x000000001f360000 JavaThread "jar transforms Thread 53" [_thread_blocked, id=1300, stack(0x0000000029b50000,0x0000000029c50000)]
  0x000000001f366800 JavaThread "jar transforms Thread 52" [_thread_blocked, id=2880, stack(0x0000000029a50000,0x0000000029b50000)]
  0x000000001f360800 JavaThread "jar transforms Thread 51" [_thread_blocked, id=2584, stack(0x0000000029950000,0x0000000029a50000)]
  0x000000001f366000 JavaThread "jar transforms Thread 50" [_thread_blocked, id=14888, stack(0x0000000029850000,0x0000000029950000)]
  0x000000001f365000 JavaThread "jar transforms Thread 49" [_thread_blocked, id=27716, stack(0x0000000029750000,0x0000000029850000)]
  0x000000001f35f000 JavaThread "jar transforms Thread 48" [_thread_blocked, id=4284, stack(0x0000000029650000,0x0000000029750000)]
  0x000000001f35e800 JavaThread "jar transforms Thread 47" [_thread_blocked, id=20972, stack(0x0000000029550000,0x0000000029650000)]
  0x000000001f35d800 JavaThread "jar transforms Thread 46" [_thread_blocked, id=17060, stack(0x0000000029450000,0x0000000029550000)]
  0x000000001f364800 JavaThread "jar transforms Thread 45" [_thread_blocked, id=9892, stack(0x0000000029350000,0x0000000029450000)]
  0x000000001f363800 JavaThread "jar transforms Thread 44" [_thread_blocked, id=22244, stack(0x0000000029250000,0x0000000029350000)]
  0x000000001f363000 JavaThread "jar transforms Thread 43" [_thread_blocked, id=4456, stack(0x0000000029150000,0x0000000029250000)]
  0x000000001f361800 JavaThread "jar transforms Thread 42" [_thread_blocked, id=7464, stack(0x0000000029050000,0x0000000029150000)]
  0x000000001f35d000 JavaThread "jar transforms Thread 41" [_thread_blocked, id=3144, stack(0x0000000028f50000,0x0000000029050000)]
  0x000000001f362000 JavaThread "jar transforms Thread 40" [_thread_blocked, id=29428, stack(0x0000000028e50000,0x0000000028f50000)]
  0x0000000022c1b000 JavaThread "jar transforms Thread 39" [_thread_blocked, id=23336, stack(0x0000000028d50000,0x0000000028e50000)]
  0x0000000022c17000 JavaThread "jar transforms Thread 38" [_thread_blocked, id=23496, stack(0x0000000028c50000,0x0000000028d50000)]
  0x0000000022c16800 JavaThread "jar transforms Thread 37" [_thread_blocked, id=20544, stack(0x0000000028b50000,0x0000000028c50000)]
  0x0000000022c19800 JavaThread "jar transforms Thread 36" [_thread_blocked, id=27500, stack(0x0000000028a50000,0x0000000028b50000)]
  0x0000000022c1c800 JavaThread "jar transforms Thread 35" [_thread_blocked, id=25980, stack(0x0000000028850000,0x0000000028950000)]
  0x0000000022c1b800 JavaThread "jar transforms Thread 34" [_thread_blocked, id=22488, stack(0x0000000028750000,0x0000000028850000)]
  0x0000000022c18800 JavaThread "jar transforms Thread 33" [_thread_blocked, id=16644, stack(0x0000000028650000,0x0000000028750000)]
  0x0000000022c15800 JavaThread "jar transforms Thread 32" [_thread_blocked, id=14956, stack(0x0000000028550000,0x0000000028650000)]
  0x0000000022c1a000 JavaThread "jar transforms Thread 31" [_thread_blocked, id=2448, stack(0x0000000028450000,0x0000000028550000)]
  0x0000000022c18000 JavaThread "jar transforms Thread 30" [_thread_blocked, id=20240, stack(0x0000000028350000,0x0000000028450000)]
  0x0000000022c0e000 JavaThread "jar transforms Thread 29" [_thread_blocked, id=20572, stack(0x0000000028250000,0x0000000028350000)]
  0x0000000022c15000 JavaThread "jar transforms Thread 28" [_thread_blocked, id=19012, stack(0x0000000028150000,0x0000000028250000)]
  0x0000000022c0d800 JavaThread "jar transforms Thread 27" [_thread_blocked, id=28876, stack(0x0000000028050000,0x0000000028150000)]
  0x0000000022c13800 JavaThread "jar transforms Thread 26" [_thread_blocked, id=9268, stack(0x0000000027f50000,0x0000000028050000)]
  0x0000000022c10800 JavaThread "jar transforms Thread 25" [_thread_blocked, id=26144, stack(0x0000000027e50000,0x0000000027f50000)]
  0x0000000022c12800 JavaThread "jar transforms Thread 24" [_thread_blocked, id=12652, stack(0x0000000027d50000,0x0000000027e50000)]
  0x0000000022c14000 JavaThread "jar transforms Thread 23" [_thread_blocked, id=23688, stack(0x0000000027c50000,0x0000000027d50000)]
  0x0000000022c12000 JavaThread "jar transforms Thread 22" [_thread_blocked, id=21136, stack(0x0000000027b50000,0x0000000027c50000)]
  0x0000000022c0f800 JavaThread "jar transforms Thread 21" [_thread_blocked, id=8748, stack(0x0000000027a50000,0x0000000027b50000)]
  0x0000000022c0f000 JavaThread "jar transforms Thread 20" [_thread_blocked, id=21508, stack(0x0000000027950000,0x0000000027a50000)]
  0x0000000022c11000 JavaThread "jar transforms Thread 19" [_thread_blocked, id=26540, stack(0x0000000027850000,0x0000000027950000)]
  0x000000002192f800 JavaThread "jar transforms Thread 18" [_thread_blocked, id=23004, stack(0x0000000027750000,0x0000000027850000)]
  0x0000000021931800 JavaThread "jar transforms Thread 17" [_thread_blocked, id=30636, stack(0x0000000027650000,0x0000000027750000)]
  0x000000002192e800 JavaThread "jar transforms Thread 16" [_thread_blocked, id=23188, stack(0x0000000027550000,0x0000000027650000)]
  0x0000000021930000 JavaThread "jar transforms Thread 15" [_thread_blocked, id=21968, stack(0x0000000027450000,0x0000000027550000)]
  0x0000000021934800 JavaThread "jar transforms Thread 14" [_thread_blocked, id=30700, stack(0x0000000027350000,0x0000000027450000)]
  0x0000000021934000 JavaThread "jar transforms Thread 13" [_thread_blocked, id=26452, stack(0x0000000027250000,0x0000000027350000)]
  0x0000000021933000 JavaThread "jar transforms Thread 12" [_thread_blocked, id=13016, stack(0x0000000027150000,0x0000000027250000)]
  0x0000000021931000 JavaThread "jar transforms Thread 11" [_thread_blocked, id=20848, stack(0x0000000027050000,0x0000000027150000)]
  0x0000000021932800 JavaThread "jar transforms Thread 10" [_thread_blocked, id=18684, stack(0x0000000026f50000,0x0000000027050000)]
  0x0000000021927000 JavaThread "jar transforms Thread 9" [_thread_blocked, id=7480, stack(0x0000000026e50000,0x0000000026f50000)]
  0x000000002192e000 JavaThread "jar transforms Thread 8" [_thread_blocked, id=24564, stack(0x0000000026d50000,0x0000000026e50000)]
  0x000000002192d000 JavaThread "jar transforms Thread 7" [_thread_blocked, id=29668, stack(0x0000000026c50000,0x0000000026d50000)]
  0x0000000021925800 JavaThread "jar transforms Thread 6" [_thread_blocked, id=3148, stack(0x0000000026b50000,0x0000000026c50000)]
  0x000000002192b800 JavaThread "jar transforms Thread 5" [_thread_blocked, id=21432, stack(0x0000000026a50000,0x0000000026b50000)]
  0x000000002192a800 JavaThread "jar transforms Thread 4" [_thread_blocked, id=27756, stack(0x0000000026950000,0x0000000026a50000)]
  0x0000000021927800 JavaThread "jar transforms Thread 3" [_thread_blocked, id=26908, stack(0x0000000026850000,0x0000000026950000)]
  0x000000002192c800 JavaThread "jar transforms Thread 2" [_thread_blocked, id=28976, stack(0x0000000026750000,0x0000000026850000)]
  0x0000000021928800 JavaThread "Build operations Thread 16" [_thread_blocked, id=22800, stack(0x0000000026650000,0x0000000026750000)]
  0x0000000021926000 JavaThread "Build operations Thread 15" [_thread_blocked, id=19312, stack(0x0000000026550000,0x0000000026650000)]
  0x0000000021929000 JavaThread "Build operations Thread 14" [_thread_blocked, id=20888, stack(0x0000000026450000,0x0000000026550000)]
  0x000000002192a000 JavaThread "Build operations Thread 13" [_thread_blocked, id=21644, stack(0x0000000026350000,0x0000000026450000)]
  0x000000001da87000 JavaThread "Build operations Thread 12" [_thread_blocked, id=27208, stack(0x0000000026250000,0x0000000026350000)]
  0x000000001da87800 JavaThread "Build operations Thread 11" [_thread_blocked, id=23120, stack(0x0000000026150000,0x0000000026250000)]
  0x000000001da86000 JavaThread "Build operations Thread 10" [_thread_blocked, id=30164, stack(0x0000000026050000,0x0000000026150000)]
  0x000000001da8a800 JavaThread "Build operations Thread 9" [_thread_blocked, id=7772, stack(0x0000000025f50000,0x0000000026050000)]
  0x000000001da8a000 JavaThread "Build operations Thread 8" [_thread_blocked, id=21464, stack(0x0000000025e50000,0x0000000025f50000)]
  0x000000001da84800 JavaThread "Build operations Thread 7" [_thread_blocked, id=29896, stack(0x0000000025d50000,0x0000000025e50000)]
  0x000000001da89000 JavaThread "Build operations Thread 6" [_thread_blocked, id=19644, stack(0x0000000025c50000,0x0000000025d50000)]
  0x000000001da88800 JavaThread "Build operations Thread 5" [_thread_blocked, id=27192, stack(0x0000000025b50000,0x0000000025c50000)]
  0x000000001da8b800 JavaThread "Build operations Thread 4" [_thread_blocked, id=28996, stack(0x0000000025a50000,0x0000000025b50000)]
  0x000000001da85800 JavaThread "Build operations Thread 3" [_thread_blocked, id=11460, stack(0x0000000025950000,0x0000000025a50000)]
  0x000000001da7d000 JavaThread "Build operations Thread 2" [_thread_blocked, id=30640, stack(0x0000000025850000,0x0000000025950000)]
  0x000000001da84000 JavaThread "Build operations" [_thread_blocked, id=2420, stack(0x0000000025750000,0x0000000025850000)]
  0x000000001da7e800 JavaThread "Cache worker for file content cache (C:\Users\Tristan\.gradle\caches\6.5\fileContent)" [_thread_blocked, id=22292, stack(0x0000000025050000,0x0000000025150000)]
  0x000000001da80000 JavaThread "jar transforms" [_thread_blocked, id=28464, stack(0x0000000024f50000,0x0000000025050000)]
  0x000000001da7e000 JavaThread "Cache worker for execution history cache (C:\Users\Tristan\.gradle\caches\6.5\executionHistory)" [_thread_blocked, id=24408, stack(0x0000000024850000,0x0000000024950000)]
  0x000000001da83000 JavaThread "Cache worker for cache directory md-rule (C:\Users\Tristan\.gradle\caches\6.5\md-rule)" [_thread_blocked, id=10928, stack(0x0000000024750000,0x0000000024850000)]
  0x000000001a1f5000 JavaThread "Cache worker for cache directory md-supplier (C:\Users\Tristan\.gradle\caches\6.5\md-supplier)" [_thread_blocked, id=30372, stack(0x0000000024650000,0x0000000024750000)]
  0x000000001a1f2000 JavaThread "Cache worker for checksums cache (C:\Users\Tristan\AndroidStudioProjects\ListViewDemo\.gradle\checksums)" [_thread_blocked, id=21980, stack(0x00000000230c0000,0x00000000231c0000)]
  0x000000001a1f1800 JavaThread "Cache worker for file hash cache (C:\Users\Tristan\AndroidStudioProjects\ListViewDemo\.gradle\6.5\fileHashes)" [_thread_blocked, id=30504, stack(0x0000000023220000,0x0000000023320000)]
  0x000000001a1f4800 JavaThread "Cache worker for file hash cache (C:\Users\Tristan\.gradle\caches\6.5\fileHashes)" [_thread_blocked, id=21824, stack(0x0000000020c20000,0x0000000020d20000)]
  0x000000001a1f0800 JavaThread "File lock request listener" [_thread_in_native, id=13056, stack(0x0000000020b20000,0x0000000020c20000)]
  0x000000001e9b8800 JavaThread "Cache worker for journal cache (C:\Users\Tristan\.gradle\caches\journal-1)" [_thread_blocked, id=24876, stack(0x0000000020a20000,0x0000000020b20000)]
  0x000000001e885000 JavaThread "Thread-9" [_thread_blocked, id=29972, stack(0x0000000020720000,0x0000000020820000)]
  0x000000001e87e000 JavaThread "Stdin handler" [_thread_blocked, id=19564, stack(0x0000000020620000,0x0000000020720000)]
  0x000000001e88b000 JavaThread "Asynchronous log dispatcher for DefaultDaemonConnection: socket connection from /127.0.0.1:53553 to /127.0.0.1:53554" [_thread_blocked, id=1328, stack(0x0000000020520000,0x0000000020620000)]
  0x000000001e897800 JavaThread "Daemon worker" [_thread_blocked, id=25204, stack(0x0000000020420000,0x0000000020520000)]
  0x000000001e8a5000 JavaThread "Cancel handler" [_thread_blocked, id=29228, stack(0x0000000020320000,0x0000000020420000)]
  0x000000001e81a000 JavaThread "Handler for socket connection from /127.0.0.1:53553 to /127.0.0.1:53554" [_thread_in_native, id=12488, stack(0x0000000020220000,0x0000000020320000)]
  0x000000001e81b800 JavaThread "Daemon" [_thread_blocked, id=25612, stack(0x0000000020120000,0x0000000020220000)]
  0x000000001e7fa000 JavaThread "Daemon periodic checks" [_thread_blocked, id=17088, stack(0x000000001fe20000,0x000000001ff20000)]
  0x000000001e7f8000 JavaThread "Incoming local TCP Connector on port 53553" [_thread_in_native, id=20460, stack(0x000000001fbe0000,0x000000001fce0000)]
  0x000000001e782800 JavaThread "Daemon health stats" [_thread_blocked, id=23568, stack(0x000000001f5a0000,0x000000001f6a0000)]
  0x000000001a27d800 JavaThread "Service Thread" daemon [_thread_blocked, id=17376, stack(0x000000001ca00000,0x000000001cb00000)]
  0x000000001a1f3800 JavaThread "C1 CompilerThread11" daemon [_thread_blocked, id=22208, stack(0x000000001c900000,0x000000001ca00000)]
  0x000000001a1f0000 JavaThread "C1 CompilerThread10" daemon [_thread_blocked, id=3964, stack(0x000000001c800000,0x000000001c900000)]
  0x000000001a1f6800 JavaThread "C1 CompilerThread9" daemon [_thread_blocked, id=8780, stack(0x000000001c700000,0x000000001c800000)]
  0x000000001a1f6000 JavaThread "C1 CompilerThread8" daemon [_thread_blocked, id=15664, stack(0x000000001c600000,0x000000001c700000)]
  0x000000001a1f3000 JavaThread "C2 CompilerThread7" daemon [_thread_blocked, id=25256, stack(0x000000001c500000,0x000000001c600000)]
  0x000000001a1cb000 JavaThread "C2 CompilerThread6" daemon [_thread_blocked, id=28728, stack(0x000000001c400000,0x000000001c500000)]
  0x000000001a1a8800 JavaThread "C2 CompilerThread5" daemon [_thread_blocked, id=18600, stack(0x000000001c300000,0x000000001c400000)]
  0x000000001a19b800 JavaThread "C2 CompilerThread4" daemon [_thread_blocked, id=28236, stack(0x000000001c200000,0x000000001c300000)]
  0x000000001a19b000 JavaThread "C2 CompilerThread3" daemon [_thread_blocked, id=23884, stack(0x000000001c100000,0x000000001c200000)]
  0x000000001a193800 JavaThread "C2 CompilerThread2" daemon [_thread_blocked, id=3252, stack(0x000000001c000000,0x000000001c100000)]
  0x000000001a192800 JavaThread "C2 CompilerThread1" daemon [_thread_in_native, id=20324, stack(0x000000001bf00000,0x000000001c000000)]
  0x000000001a190000 JavaThread "C2 CompilerThread0" daemon [_thread_blocked, id=12940, stack(0x000000001be00000,0x000000001bf00000)]
  0x000000001a18f000 JavaThread "Attach Listener" daemon [_thread_blocked, id=12780, stack(0x000000001bd00000,0x000000001be00000)]
  0x000000001871e000 JavaThread "Signal Dispatcher" daemon [_thread_blocked, id=21984, stack(0x000000001bc00000,0x000000001bd00000)]
  0x0000000018711000 JavaThread "Finalizer" daemon [_thread_blocked, id=23332, stack(0x000000001ba00000,0x000000001bb00000)]
  0x000000001a175800 JavaThread "Reference Handler" daemon [_thread_blocked, id=1304, stack(0x000000001b900000,0x000000001ba00000)]
  0x0000000002e1e000 JavaThread "main" [_thread_blocked, id=29736, stack(0x0000000002fa0000,0x00000000030a0000)]

Other Threads:
=>0x000000000319e800 VMThread [stack: 0x000000001b800000,0x000000001b900000] [id=10160]
  0x000000001a27e800 WatcherThread [stack: 0x000000001cb00000,0x000000001cc00000] [id=26696]

VM state:at safepoint (normal execution)

VM Mutex/Monitor currently owned by a thread:  ([mutex/lock_event])
[0x0000000002e1cde0] Threads_lock - owner thread: 0x000000000319e800
[0x0000000002e1c860] Heap_lock - owner thread: 0x000000001e897800

heap address: 0x0000000080000000, size: 2048 MB, Compressed Oops mode: 32-bit
Narrow klass base: 0x0000000000000000, Narrow klass shift: 3
Compressed class space size: 1073741824 Address: 0x0000000100000000

Heap:
 PSYoungGen      total 281600K, used 19446K [0x00000000d5580000, 0x00000000e8d80000, 0x0000000100000000)
  eden space 262144K, 0% used [0x00000000d5580000,0x00000000d5580000,0x00000000e5580000)
  from space 19456K, 99% used [0x00000000e6e00000,0x00000000e80fd980,0x00000000e8100000)
  to   space 25088K, 0% used [0x00000000e5580000,0x00000000e5580000,0x00000000e6e00000)
 ParOldGen       total 332800K, used 20022K [0x0000000080000000, 0x0000000094500000, 0x00000000d5580000)
  object space 332800K, 6% used [0x0000000080000000,0x000000008138d870,0x0000000094500000)
 Metaspace       used 56729K, capacity 59147K, committed 59160K, reserved 1099776K
  class space    used 7750K, capacity 8240K, committed 8240K, reserved 1048576K

Card table byte_map: [0x0000000012560000,0x0000000012970000] byte_map_base: 0x0000000012160000

Marking Bits: (ParMarkBitMap*) 0x000000005c59f030
 Begin Bits: [0x0000000013920000, 0x0000000015920000)
 End Bits:   [0x0000000015920000, 0x0000000017920000)

Polling page: 0x00000000015f0000

CodeCache: size=245760Kb used=21005Kb max_used=21010Kb free=224754Kb
 bounds [0x00000000031a0000, 0x0000000004630000, 0x00000000121a0000]
 total_blobs=6398 nmethods=5625 adapters=684
 compilation: enabled

Compilation events (10 events):
Event: 4.868 Thread 0x000000001a1f3000 nmethod 5633 0x000000000462c910 code [0x000000000462cb00, 0x000000000462d200]
Event: 4.868 Thread 0x000000001a1f6800 5636       1       java.io.ObjectStreamClass$FieldReflectorKey::hashCode (5 bytes)
Event: 4.868 Thread 0x000000001a1f6800 nmethod 5636 0x000000000462c650 code [0x000000000462c7a0, 0x000000000462c8b0]
Event: 4.869 Thread 0x000000001a1f3800 5637       3       java.io.ObjectStreamField::setOffset (6 bytes)
Event: 4.869 Thread 0x000000001a1f3800 nmethod 5637 0x000000000462c350 code [0x000000000462c4a0, 0x000000000462c5f0]
Event: 4.870 Thread 0x000000001a190000 5638       4       org.objectweb.asm.Handler::putExceptionTable (63 bytes)
Event: 4.870 Thread 0x000000001a190000 nmethod 5638 0x000000000462da10 code [0x000000000462db60, 0x000000000462dca8]
Event: 4.875 Thread 0x000000001a1f0000 5639       3       sun.reflect.annotation.AnnotationInvocationHandler::cloneArray (170 bytes)
Event: 4.876 Thread 0x000000001a1f0000 nmethod 5639 0x000000000462a910 code [0x000000000462aba0, 0x000000000462bf08]
Event: 4.881 Thread 0x000000001a19b800 5640       4       java.util.jar.JarFile::maybeInstantiateVerifier (96 bytes)

GC Heap History (10 events):
Event: 2.644 GC heap after
Heap after GC invocations=4 (full 1):
 PSYoungGen      total 153088K, used 14025K [0x00000000d5580000, 0x00000000e3b00000, 0x0000000100000000)
  eden space 131584K, 0% used [0x00000000d5580000,0x00000000d5580000,0x00000000dd600000)
  from space 21504K, 65% used [0x00000000dd600000,0x00000000de3b24b0,0x00000000deb00000)
  to   space 21504K, 0% used [0x00000000e2600000,0x00000000e2600000,0x00000000e3b00000)
 ParOldGen       total 215552K, used 13563K [0x0000000080000000, 0x000000008d280000, 0x00000000d5580000)
  object space 215552K, 6% used [0x0000000080000000,0x0000000080d3ecb0,0x000000008d280000)
 Metaspace       used 32668K, capacity 33636K, committed 33712K, reserved 1079296K
  class space    used 4439K, capacity 4718K, committed 4784K, reserved 1048576K
}
Event: 2.764 GC heap before
{Heap before GC invocations=5 (full 1):
 PSYoungGen      total 153088K, used 50655K [0x00000000d5580000, 0x00000000e3b00000, 0x0000000100000000)
  eden space 131584K, 27% used [0x00000000d5580000,0x00000000d7945a78,0x00000000dd600000)
  from space 21504K, 65% used [0x00000000dd600000,0x00000000de3b24b0,0x00000000deb00000)
  to   space 21504K, 0% used [0x00000000e2600000,0x00000000e2600000,0x00000000e3b00000)
 ParOldGen       total 215552K, used 13563K [0x0000000080000000, 0x000000008d280000, 0x00000000d5580000)
  object space 215552K, 6% used [0x0000000080000000,0x0000000080d3ecb0,0x000000008d280000)
 Metaspace       used 34257K, capacity 35412K, committed 35496K, reserved 1079296K
  class space    used 4705K, capacity 5001K, committed 5040K, reserved 1048576K
Event: 2.768 GC heap after
Heap after GC invocations=5 (full 1):
 PSYoungGen      total 213504K, used 8311K [0x00000000d5580000, 0x00000000e4c00000, 0x0000000100000000)
  eden space 192000K, 0% used [0x00000000d5580000,0x00000000d5580000,0x00000000e1100000)
  from space 21504K, 38% used [0x00000000e2600000,0x00000000e2e1dc28,0x00000000e3b00000)
  to   space 21504K, 0% used [0x00000000e1100000,0x00000000e1100000,0x00000000e2600000)
 ParOldGen       total 215552K, used 13571K [0x0000000080000000, 0x000000008d280000, 0x00000000d5580000)
  object space 215552K, 6% used [0x0000000080000000,0x0000000080d40cb0,0x000000008d280000)
 Metaspace       used 34257K, capacity 35412K, committed 35496K, reserved 1079296K
  class space    used 4705K, capacity 5001K, committed 5040K, reserved 1048576K
}
Event: 2.768 GC heap before
{Heap before GC invocations=6 (full 2):
 PSYoungGen      total 213504K, used 8311K [0x00000000d5580000, 0x00000000e4c00000, 0x0000000100000000)
  eden space 192000K, 0% used [0x00000000d5580000,0x00000000d5580000,0x00000000e1100000)
  from space 21504K, 38% used [0x00000000e2600000,0x00000000e2e1dc28,0x00000000e3b00000)
  to   space 21504K, 0% used [0x00000000e1100000,0x00000000e1100000,0x00000000e2600000)
 ParOldGen       total 215552K, used 13571K [0x0000000080000000, 0x000000008d280000, 0x00000000d5580000)
  object space 215552K, 6% used [0x0000000080000000,0x0000000080d40cb0,0x000000008d280000)
 Metaspace       used 34257K, capacity 35412K, committed 35496K, reserved 1079296K
  class space    used 4705K, capacity 5001K, committed 5040K, reserved 1048576K
Event: 2.790 GC heap after
Heap after GC invocations=6 (full 2):
 PSYoungGen      total 213504K, used 0K [0x00000000d5580000, 0x00000000e4c00000, 0x0000000100000000)
  eden space 192000K, 0% used [0x00000000d5580000,0x00000000d5580000,0x00000000e1100000)
  from space 21504K, 0% used [0x00000000e2600000,0x00000000e2600000,0x00000000e3b00000)
  to   space 21504K, 0% used [0x00000000e1100000,0x00000000e1100000,0x00000000e2600000)
 ParOldGen       total 332800K, used 14734K [0x0000000080000000, 0x0000000094500000, 0x00000000d5580000)
  object space 332800K, 4% used [0x0000000080000000,0x0000000080e63810,0x0000000094500000)
 Metaspace       used 34257K, capacity 35412K, committed 35496K, reserved 1079296K
  class space    used 4705K, capacity 5001K, committed 5040K, reserved 1048576K
}
Event: 3.949 GC heap before
{Heap before GC invocations=7 (full 2):
 PSYoungGen      total 213504K, used 192000K [0x00000000d5580000, 0x00000000e4c00000, 0x0000000100000000)
  eden space 192000K, 100% used [0x00000000d5580000,0x00000000e1100000,0x00000000e1100000)
  from space 21504K, 0% used [0x00000000e2600000,0x00000000e2600000,0x00000000e3b00000)
  to   space 21504K, 0% used [0x00000000e1100000,0x00000000e1100000,0x00000000e2600000)
 ParOldGen       total 332800K, used 14734K [0x0000000080000000, 0x0000000094500000, 0x00000000d5580000)
  object space 332800K, 4% used [0x0000000080000000,0x0000000080e63810,0x0000000094500000)
 Metaspace       used 45674K, capacity 47684K, committed 47784K, reserved 1091584K
  class space    used 6171K, capacity 6550K, committed 6576K, reserved 1048576K
Event: 3.957 GC heap after
Heap after GC invocations=7 (full 2):
 PSYoungGen      total 213504K, used 17007K [0x00000000d5580000, 0x00000000e8100000, 0x0000000100000000)
  eden space 192000K, 0% used [0x00000000d5580000,0x00000000d5580000,0x00000000e1100000)
  from space 21504K, 79% used [0x00000000e1100000,0x00000000e219bec0,0x00000000e2600000)
  to   space 19456K, 0% used [0x00000000e6e00000,0x00000000e6e00000,0x00000000e8100000)
 ParOldGen       total 332800K, used 14742K [0x0000000080000000, 0x0000000094500000, 0x00000000d5580000)
  object space 332800K, 4% used [0x0000000080000000,0x0000000080e65810,0x0000000094500000)
 Metaspace       used 45674K, capacity 47684K, committed 47784K, reserved 1091584K
  class space    used 6171K, capacity 6550K, committed 6576K, reserved 1048576K
}
Event: 4.882 GC heap before
{Heap before GC invocations=8 (full 2):
 PSYoungGen      total 213504K, used 149919K [0x00000000d5580000, 0x00000000e8100000, 0x0000000100000000)
  eden space 192000K, 69% used [0x00000000d5580000,0x00000000dd74bde0,0x00000000e1100000)
  from space 21504K, 79% used [0x00000000e1100000,0x00000000e219bec0,0x00000000e2600000)
  to   space 19456K, 0% used [0x00000000e6e00000,0x00000000e6e00000,0x00000000e8100000)
 ParOldGen       total 332800K, used 14742K [0x0000000080000000, 0x0000000094500000, 0x00000000d5580000)
  object space 332800K, 4% used [0x0000000080000000,0x0000000080e65810,0x0000000094500000)
 Metaspace       used 56729K, capacity 59147K, committed 59160K, reserved 1099776K
  class space    used 7750K, capacity 8240K, committed 8240K, reserved 1048576K
Event: 4.894 GC heap after
Heap after GC invocations=8 (full 2):
 PSYoungGen      total 281600K, used 19446K [0x00000000d5580000, 0x00000000e8d80000, 0x0000000100000000)
  eden space 262144K, 0% used [0x00000000d5580000,0x00000000d5580000,0x00000000e5580000)
  from space 19456K, 99% used [0x00000000e6e00000,0x00000000e80fd980,0x00000000e8100000)
  to   space 25088K, 0% used [0x00000000e5580000,0x00000000e5580000,0x00000000e6e00000)
 ParOldGen       total 332800K, used 20022K [0x0000000080000000, 0x0000000094500000, 0x00000000d5580000)
  object space 332800K, 6% used [0x0000000080000000,0x000000008138d870,0x0000000094500000)
 Metaspace       used 56729K, capacity 59147K, committed 59160K, reserved 1099776K
  class space    used 7750K, capacity 8240K, committed 8240K, reserved 1048576K
}
Event: 4.894 GC heap before
{Heap before GC invocations=9 (full 3):
 PSYoungGen      total 281600K, used 19446K [0x00000000d5580000, 0x00000000e8d80000, 0x0000000100000000)
  eden space 262144K, 0% used [0x00000000d5580000,0x00000000d5580000,0x00000000e5580000)
  from space 19456K, 99% used [0x00000000e6e00000,0x00000000e80fd980,0x00000000e8100000)
  to   space 25088K, 0% used [0x00000000e5580000,0x00000000e5580000,0x00000000e6e00000)
 ParOldGen       total 332800K, used 20022K [0x0000000080000000, 0x0000000094500000, 0x00000000d5580000)
  object space 332800K, 6% used [0x0000000080000000,0x000000008138d870,0x0000000094500000)
 Metaspace       used 56729K, capacity 59147K, committed 59160K, reserved 1099776K
  class space    used 7750K, capacity 8240K, committed 8240K, reserved 1048576K

Deoptimization events (10 events):
Event: 4.380 Thread 0x000000001e897800 Uncommon trap: reason=class_check action=maybe_recompile pc=0x0000000003b2a714 method=java.util.WeakHashMap.eq(Ljava/lang/Object;Ljava/lang/Object;)Z @ 7
Event: 4.676 Thread 0x000000001e897800 Uncommon trap: reason=unstable_if action=reinterpret pc=0x000000000365acf0 method=sun.misc.MetaIndex.mayContain(Ljava/lang/String;)Z @ 38
Event: 4.676 Thread 0x000000001e897800 Uncommon trap: reason=unstable_if action=reinterpret pc=0x0000000003de6708 method=java.security.CodeSource.hashCode()I @ 4
Event: 4.792 Thread 0x000000001e897800 Uncommon trap: reason=unstable_if action=reinterpret pc=0x0000000004189ca0 method=org.objectweb.asm.ByteVector.putInt(I)Lorg/objectweb/asm/ByteVector; @ 13
Event: 4.802 Thread 0x000000001e897800 Uncommon trap: reason=unstable_if action=reinterpret pc=0x00000000036a5de8 method=java.util.HashMap.resize()[Ljava/util/HashMap$Node; @ 206
Event: 4.802 Thread 0x000000001e897800 Uncommon trap: reason=unstable_if action=reinterpret pc=0x000000000419934c method=java.util.HashMap.getNode(ILjava/lang/Object;)Ljava/util/HashMap$Node; @ 84
Event: 4.802 Thread 0x000000001e897800 Uncommon trap: reason=unstable_if action=reinterpret pc=0x0000000004550ab0 method=java.util.HashMap.getNode(ILjava/lang/Object;)Ljava/util/HashMap$Node; @ 84
Event: 4.802 Thread 0x000000001e897800 Uncommon trap: reason=unstable_if action=reinterpret pc=0x000000000451a664 method=java.util.HashMap.getNode(ILjava/lang/Object;)Ljava/util/HashMap$Node; @ 84
Event: 4.813 Thread 0x000000001e897800 Uncommon trap: reason=unstable_if action=reinterpret pc=0x0000000003e4c2c0 method=java.io.WinNTFileSystem.normalize(Ljava/lang/String;)Ljava/lang/String; @ 74
Event: 4.813 Thread 0x000000001e897800 Uncommon trap: reason=unstable_if action=reinterpret pc=0x0000000003931180 method=java.io.WinNTFileSystem.normalize(Ljava/lang/String;II)Ljava/lang/String; @ 103

Classes redefined (0 events):
No events

Internal exceptions (10 events):
Event: 4.399 Thread 0x000000001e897800 Exception <a 'java/lang/ClassNotFoundException': com/android/build/gradle/internal/CompileOptionsCustomizer> (0x00000000d9ae7e70) thrown at [C:\src\AOSP-openjdk-git\hotspot\src\share\vm\classfile\systemDictionary.cpp, line 210]
Event: 4.400 Thread 0x000000001e897800 Exception <a 'java/lang/ClassNotFoundException': com/android/build/gradle/internal/CompileOptions_DecoratedCustomizer> (0x00000000d9b184b8) thrown at [C:\src\AOSP-openjdk-git\hotspot\src\share\vm\classfile\systemDictionary.cpp, line 210]
Event: 4.676 Thread 0x000000001e897800 Implicit null exception at 0x0000000003de6415 to 0x0000000003de66f9
Event: 4.758 Thread 0x000000001e897800 Exception <a 'java/lang/ClassNotFoundException': com/android/build/gradle/internal/api/ApkVariantOutputImpl_DecoratedBeanInfo> (0x00000000dc297988) thrown at [C:\src\AOSP-openjdk-git\hotspot\src\share\vm\classfile\systemDictionary.cpp, line 210]
Event: 4.758 Thread 0x000000001e897800 Exception <a 'java/lang/ClassNotFoundException': com/android/build/gradle/internal/api/ApkVariantOutputImplBeanInfo> (0x00000000dc2b4bb8) thrown at [C:\src\AOSP-openjdk-git\hotspot\src\share\vm\classfile\systemDictionary.cpp, line 210]
Event: 4.758 Thread 0x000000001e897800 Exception <a 'java/lang/ClassNotFoundException': com/android/build/gradle/internal/api/BaseVariantOutputImplBeanInfo> (0x00000000dc2d2ff0) thrown at [C:\src\AOSP-openjdk-git\hotspot\src\share\vm\classfile\systemDictionary.cpp, line 210]
Event: 4.758 Thread 0x000000001e897800 Exception <a 'java/lang/ClassNotFoundException': com/android/build/gradle/internal/api/BaseVariantOutputImplCustomizer> (0x00000000dc2f1988) thrown at [C:\src\AOSP-openjdk-git\hotspot\src\share\vm\classfile\systemDictionary.cpp, line 210]
Event: 4.759 Thread 0x000000001e897800 Exception <a 'java/lang/ClassNotFoundException': com/android/build/gradle/internal/api/ApkVariantOutputImplCustomizer> (0x00000000dc32a130) thrown at [C:\src\AOSP-openjdk-git\hotspot\src\share\vm\classfile\systemDictionary.cpp, line 210]
Event: 4.759 Thread 0x000000001e897800 Exception <a 'java/lang/ClassNotFoundException': com/android/build/gradle/internal/api/ApkVariantOutputImpl_DecoratedCustomizer> (0x00000000dc35ded0) thrown at [C:\src\AOSP-openjdk-git\hotspot\src\share\vm\classfile\systemDictionary.cpp, line 210]
Event: 4.830 Thread 0x000000001e897800 Exception <a 'java/lang/NoSuchMethodError': java.lang.Object.lambda$static$0(Lorg/gradle/api/internal/tasks/TaskDependencyResolveContext;)V> (0x00000000dce19738) thrown at [C:\src\AOSP-openjdk-git\hotspot\src\share\vm\interpreter\linkResolver.cpp, line 62

Events (10 events):
Event: 4.881 loading class com/android/build/gradle/internal/SdkComponentsBuildService$stripExecutableFinderProvider$1 done
Event: 4.881 loading class com/android/build/gradle/internal/SdkComponentsBuildService$objcopyExecutableMapProvider$1
Event: 4.881 loading class com/android/build/gradle/internal/SdkComponentsBuildService$objcopyExecutableMapProvider$1 done
Event: 4.882 loading class org/gradle/api/Task
Event: 4.882 loading class org/gradle/api/Task done
Event: 4.882 loading class org/gradle/api/Task
Event: 4.882 loading class org/gradle/api/Task done
Event: 4.882 loading class org/gradle/api/internal/provider/TransformBackedProvider
Event: 4.882 loading class org/gradle/api/internal/provider/TransformBackedProvider done
Event: 4.882 Executing VM operation: CollectForMetadataAllocation


Dynamic libraries:
0x00007ff607eb0000 - 0x00007ff607ee1000 	C:\Program Files\Android\Android Studio\jre\bin\java.exe
0x00007ffb4b0a0000 - 0x00007ffb4b290000 	C:\WINDOWS\SYSTEM32\ntdll.dll
0x00007ffb49230000 - 0x00007ffb492e2000 	C:\WINDOWS\System32\KERNEL32.DLL
0x00007ffb48010000 - 0x00007ffb482b5000 	C:\WINDOWS\System32\KERNELBASE.dll
0x00007ffb49b20000 - 0x00007ffb49bc3000 	C:\WINDOWS\System32\ADVAPI32.dll
0x00007ffb49160000 - 0x00007ffb491fe000 	C:\WINDOWS\System32\msvcrt.dll
0x00007ffb4a9e0000 - 0x00007ffb4aa77000 	C:\WINDOWS\System32\sechost.dll
0x00007ffb49310000 - 0x00007ffb4942f000 	C:\WINDOWS\System32\RPCRT4.dll
0x00007ffb495d0000 - 0x00007ffb49764000 	C:\WINDOWS\System32\USER32.dll
0x00007ffb48910000 - 0x00007ffb48931000 	C:\WINDOWS\System32\win32u.dll
0x00007ffb49200000 - 0x00007ffb49226000 	C:\WINDOWS\System32\GDI32.dll
0x00007ffb48610000 - 0x00007ffb487a8000 	C:\WINDOWS\System32\gdi32full.dll
0x00007ffb48570000 - 0x00007ffb4860e000 	C:\WINDOWS\System32\msvcp_win.dll
0x00007ffb48470000 - 0x00007ffb4856a000 	C:\WINDOWS\System32\ucrtbase.dll
0x00007ffb37ed0000 - 0x00007ffb38154000 	C:\WINDOWS\WinSxS\amd64_microsoft.windows.common-controls_6595b64144ccf1df_6.0.18362.1440_none_9e7dbfb9e45e8e67\COMCTL32.dll
0x00007ffb49770000 - 0x00007ffb49aa6000 	C:\WINDOWS\System32\combase.dll
0x00007ffb48880000 - 0x00007ffb48901000 	C:\WINDOWS\System32\bcryptPrimitives.dll
0x00007ffb494f0000 - 0x00007ffb4951e000 	C:\WINDOWS\System32\IMM32.DLL
0x000000005b280000 - 0x000000005b352000 	C:\Program Files\Android\Android Studio\jre\jre\bin\msvcr100.dll
0x000000005bdd0000 - 0x000000005c61b000 	C:\Program Files\Android\Android Studio\jre\jre\bin\server\jvm.dll
0x00007ffb4a560000 - 0x00007ffb4a568000 	C:\WINDOWS\System32\PSAPI.DLL
0x00007ffb42390000 - 0x00007ffb4239a000 	C:\WINDOWS\SYSTEM32\VERSION.dll
0x00007ffb3a120000 - 0x00007ffb3a129000 	C:\WINDOWS\SYSTEM32\WSOCK32.dll
0x00007ffb39de0000 - 0x00007ffb39e04000 	C:\WINDOWS\SYSTEM32\WINMM.dll
0x00007ffb49ab0000 - 0x00007ffb49b1f000 	C:\WINDOWS\System32\WS2_32.dll
0x00007ffb38330000 - 0x00007ffb3835d000 	C:\WINDOWS\SYSTEM32\WINMMBASE.dll
0x00007ffb48420000 - 0x00007ffb4846a000 	C:\WINDOWS\System32\cfgmgr32.dll
0x00007ffb41390000 - 0x00007ffb4139f000 	C:\Program Files\Android\Android Studio\jre\jre\bin\verify.dll
0x00007ffb3ac10000 - 0x00007ffb3ac39000 	C:\Program Files\Android\Android Studio\jre\jre\bin\java.dll
0x00007ffb34770000 - 0x00007ffb34786000 	C:\Program Files\Android\Android Studio\jre\jre\bin\zip.dll
0x00007ffb49c30000 - 0x00007ffb4a318000 	C:\WINDOWS\System32\SHELL32.dll
0x00007ffb4aa80000 - 0x00007ffb4ab27000 	C:\WINDOWS\System32\shcore.dll
0x00007ffb489d0000 - 0x00007ffb4914b000 	C:\WINDOWS\System32\windows.storage.dll
0x00007ffb47fa0000 - 0x00007ffb47fbe000 	C:\WINDOWS\System32\profapi.dll
0x00007ffb47fc0000 - 0x00007ffb4800a000 	C:\WINDOWS\System32\powrprof.dll
0x00007ffb47f50000 - 0x00007ffb47f60000 	C:\WINDOWS\System32\UMPDC.dll
0x00007ffb49490000 - 0x00007ffb494e2000 	C:\WINDOWS\System32\shlwapi.dll
0x00007ffb47f60000 - 0x00007ffb47f71000 	C:\WINDOWS\System32\kernel.appcore.dll
0x00007ffb48860000 - 0x00007ffb48877000 	C:\WINDOWS\System32\cryptsp.dll
0x00007ffb27510000 - 0x00007ffb2752a000 	C:\Program Files\Android\Android Studio\jre\jre\bin\net.dll
0x00007ffb47730000 - 0x00007ffb47797000 	C:\WINDOWS\system32\mswsock.dll
0x00007ffb1b7b0000 - 0x00007ffb1b7c3000 	C:\Program Files\Android\Android Studio\jre\jre\bin\nio.dll
0x00007ffb1b4e0000 - 0x00007ffb1b507000 	C:\Users\Tristan\.gradle\native\f6784746aeab05261644944871eae4fe03e0ef1612fff0a4a95f87b438bc6780\windows-amd64\native-platform.dll
0x00007ffb280c0000 - 0x00007ffb280cd000 	C:\Program Files\Android\Android Studio\jre\jre\bin\management.dll
0x00007ffb472b0000 - 0x00007ffb472e3000 	C:\WINDOWS\system32\rsaenh.dll
0x00007ffb48940000 - 0x00007ffb48966000 	C:\WINDOWS\System32\bcrypt.dll
0x00007ffb47e30000 - 0x00007ffb47e55000 	C:\WINDOWS\SYSTEM32\USERENV.dll
0x00007ffb47900000 - 0x00007ffb4790c000 	C:\WINDOWS\SYSTEM32\CRYPTBASE.dll
0x00007ffb47440000 - 0x00007ffb4747a000 	C:\WINDOWS\SYSTEM32\IPHLPAPI.DLL
0x00007ffb49150000 - 0x00007ffb49158000 	C:\WINDOWS\System32\NSI.dll
0x00007ffb42360000 - 0x00007ffb42376000 	C:\WINDOWS\SYSTEM32\dhcpcsvc6.DLL
0x00007ffb42110000 - 0x00007ffb4212c000 	C:\WINDOWS\SYSTEM32\dhcpcsvc.DLL
0x00007ffb47480000 - 0x00007ffb4754b000 	C:\WINDOWS\SYSTEM32\DNSAPI.dll
0x00007ffb423a0000 - 0x00007ffb423ab000 	C:\WINDOWS\SYSTEM32\WINNSI.DLL
0x00007ffb467b0000 - 0x00007ffb469a4000 	C:\WINDOWS\SYSTEM32\dbghelp.dll

VM Arguments:
jvm_args: -Xmx2048m -Dfile.encoding=UTF-8 -Duser.country=GB -Duser.language=en -Duser.variant 
java_command: org.gradle.launcher.daemon.bootstrap.GradleDaemon 6.5
java_class_path (initial): C:\Users\Tristan\.gradle\wrapper\dists\gradle-6.5-bin\6nifqtx7604sqp1q6g8wikw7p\gradle-6.5\lib\gradle-launcher-6.5.jar
Launcher Type: SUN_STANDARD

Environment Variables:
PATH=C:\Windows\system32;C:\Windows;C:\Windows\System32\Wbem;C:\Windows\System32\WindowsPowerShell\v1.0\;C:\Windows\System32\OpenSSH\;C:\Program Files\NVIDIA Corporation\NVIDIA NvDLISR;C:\WINDOWS\system32;C:\WINDOWS;C:\WINDOWS\System32\Wbem;C:\WINDOWS\System32\WindowsPowerShell\v1.0\;C:\WINDOWS\System32\OpenSSH\;C:\Program Files\PuTTY\;C:\Program Files (x86)\NVIDIA Corporation\PhysX\Common;C:\Program Files\Git\cmd;C:\Users\Tristan\AppData\Local\Microsoft\WindowsApps;;C:\Users\Tristan\AppData\Local\Programs\Microsoft VS Code\bin
USERNAME=Tristan
OS=Windows_NT
PROCESSOR_IDENTIFIER=AMD64 Family 23 Model 113 Stepping 0, AuthenticAMD



---------------  S Y S T E M  ---------------

OS: Windows 10.0 , 64 bit Build 18362 (10.0.18362.1350)

CPU:total 16 (initial active 16) (16 cores per cpu, 1 threads per core) family 23 model 113 stepping 0, cmov, cx8, fxsr, mmx, sse, sse2, sse3, ssse3, sse4.1, sse4.2, popcnt, avx, avx2, aes, clmul, mmxext, 3dnowpref, lzcnt, sse4a, tsc, tscinvbit, tscinv, bmi1

Memory: 4k page, physical 33504036k(17371060k free), swap 38484772k(15029176k free)

vm_info: OpenJDK 64-Bit Server VM (25.242-b01) for windows-amd64 JRE (1.8.0_242-release-1644-b01), built by "builder" with MS VC++ 10.0 (VS2010)

time: Tue Mar 16 20:08:11 2021
timezone: Eastern Daylight Time
elapsed time: 4 seconds (0d 0h 0m 4s)

